<?xml version="1.0" encoding="UTF-8"?>
<!-- Generated by org.testng.reporters.JUnitReportReporter -->
<testsuite hostname="DESKTOP-J7791LE" failures="0" tests="3" name="TestNG_Framework.TestNG_Framework_LeafgroundAutomation" time="4.807" errors="0" timestamp="2025-06-20T21:29:02 IST" skipped="0">
  <testcase classname="TestNG_Framework.TestNG_Framework_LeafgroundAutomation" name="Element" time="2.098"/>
  <testcase classname="TestNG_Framework.TestNG_Framework_LeafgroundAutomation" name="Checkboxdisabled" time="0.027"/>
  <testcase classname="TestNG_Framework.TestNG_Framework_LeafgroundAutomation" name="checkbox" time="2.682"/>
</testsuite> <!-- TestNG_Framework.TestNG_Framework_LeafgroundAutomation -->
