<?xml version="1.0" encoding="UTF-8"?>
<!-- Generated by org.testng.reporters.JUnitReportReporter -->
<testsuite hostname="DESKTOP-J7791LE" failures="0" tests="22" name="TestNG_Framework.MakemyTrip_OpenNewTab_by_Choosingcountry_Dropdown_Using_TestNGFramework" time="51.820" errors="0" timestamp="2025-06-21T21:13:38 IST" skipped="0">
  <testcase classname="TestNG_Framework.MakemyTrip_OpenNewTab_by_Choosingcountry_Dropdown_Using_TestNGFramework" name="NewtabArabic" time="9.475"/>
  <testcase classname="TestNG_Framework.MakemyTrip_OpenNewTab_by_Choosingcountry_Dropdown_Using_TestNGFramework" name="Apply1" time="2.210"/>
  <testcase classname="TestNG_Framework.MakemyTrip_OpenNewTab_by_Choosingcountry_Dropdown_Using_TestNGFramework" name="Language1" time="2.158"/>
  <testcase classname="TestNG_Framework.MakemyTrip_OpenNewTab_by_Choosingcountry_Dropdown_Using_TestNGFramework" name="NewtabEnglish" time="0.789"/>
  <testcase classname="TestNG_Framework.MakemyTrip_OpenNewTab_by_Choosingcountry_Dropdown_Using_TestNGFramework" name="Set" time="0.048"/>
  <testcase classname="TestNG_Framework.MakemyTrip_OpenNewTab_by_Choosingcountry_Dropdown_Using_TestNGFramework" name="Language" time="2.168"/>
  <testcase classname="TestNG_Framework.MakemyTrip_OpenNewTab_by_Choosingcountry_Dropdown_Using_TestNGFramework" name="country" time="2.124"/>
  <testcase classname="TestNG_Framework.MakemyTrip_OpenNewTab_by_Choosingcountry_Dropdown_Using_TestNGFramework" name="ChoosingCountry1" time="2.275"/>
  <testcase classname="TestNG_Framework.MakemyTrip_OpenNewTab_by_Choosingcountry_Dropdown_Using_TestNGFramework" name="Currency1" time="2.121"/>
  <testcase classname="TestNG_Framework.MakemyTrip_OpenNewTab_by_Choosingcountry_Dropdown_Using_TestNGFramework" name="ChoosingLanguage1" time="2.186"/>
  <testcase classname="TestNG_Framework.MakemyTrip_OpenNewTab_by_Choosingcountry_Dropdown_Using_TestNGFramework" name="closepopup" time="4.155"/>
  <testcase classname="TestNG_Framework.MakemyTrip_OpenNewTab_by_Choosingcountry_Dropdown_Using_TestNGFramework" name="originalwindow" time="2.103"/>
  <testcase classname="TestNG_Framework.MakemyTrip_OpenNewTab_by_Choosingcountry_Dropdown_Using_TestNGFramework" name="countrymenu1" time="2.183"/>
  <testcase classname="TestNG_Framework.MakemyTrip_OpenNewTab_by_Choosingcountry_Dropdown_Using_TestNGFramework" name="Country1" time="2.267"/>
  <testcase classname="TestNG_Framework.MakemyTrip_OpenNewTab_by_Choosingcountry_Dropdown_Using_TestNGFramework" name="ChoosingCurrency" time="2.193"/>
  <testcase classname="TestNG_Framework.MakemyTrip_OpenNewTab_by_Choosingcountry_Dropdown_Using_TestNGFramework" name="Currency" time="2.232"/>
  <testcase classname="TestNG_Framework.MakemyTrip_OpenNewTab_by_Choosingcountry_Dropdown_Using_TestNGFramework" name="countrymenu" time="2.146"/>
  <testcase classname="TestNG_Framework.MakemyTrip_OpenNewTab_by_Choosingcountry_Dropdown_Using_TestNGFramework" name="choosingcountry" time="2.155"/>
  <testcase classname="TestNG_Framework.MakemyTrip_OpenNewTab_by_Choosingcountry_Dropdown_Using_TestNGFramework" name="Apply" time="2.212"/>
  <testcase classname="TestNG_Framework.MakemyTrip_OpenNewTab_by_Choosingcountry_Dropdown_Using_TestNGFramework" name="ChoosingCurrency1" time="2.190"/>
  <testcase classname="TestNG_Framework.MakemyTrip_OpenNewTab_by_Choosingcountry_Dropdown_Using_TestNGFramework" name="ChoosingLanguage" time="2.163"/>
  <testcase classname="TestNG_Framework.MakemyTrip_OpenNewTab_by_Choosingcountry_Dropdown_Using_TestNGFramework" name="Windowenglishpopup" time="0.267"/>
</testsuite> <!-- TestNG_Framework.MakemyTrip_OpenNewTab_by_Choosingcountry_Dropdown_Using_TestNGFramework -->
