<?xml version="1.0" encoding="UTF-8"?>
<!-- Generated by org.testng.reporters.JUnitReportReporter -->
<testsuite hostname="DESKTOP-J7791LE" failures="0" tests="22" name="TestNG_Framework.MakemyTrip_OpenNewTab_by_Choosingcountry_Dropdown_Using_TestNGFramework" time="51.403" errors="0" timestamp="2025-06-23T14:20:42 IST" skipped="0">
  <testcase classname="TestNG_Framework.MakemyTrip_OpenNewTab_by_Choosingcountry_Dropdown_Using_TestNGFramework" name="Apply1" time="2.246"/>
  <testcase classname="TestNG_Framework.MakemyTrip_OpenNewTab_by_Choosingcountry_Dropdown_Using_TestNGFramework" name="closepopup" time="3.743"/>
  <testcase classname="TestNG_Framework.MakemyTrip_OpenNewTab_by_Choosingcountry_Dropdown_Using_TestNGFramework" name="originalwindow" time="2.083"/>
  <testcase classname="TestNG_Framework.MakemyTrip_OpenNewTab_by_Choosingcountry_Dropdown_Using_TestNGFramework" name="choosingcountry" time="2.124"/>
  <testcase classname="TestNG_Framework.MakemyTrip_OpenNewTab_by_Choosingcountry_Dropdown_Using_TestNGFramework" name="Currency" time="2.210"/>
  <testcase classname="TestNG_Framework.MakemyTrip_OpenNewTab_by_Choosingcountry_Dropdown_Using_TestNGFramework" name="Language" time="2.169"/>
  <testcase classname="TestNG_Framework.MakemyTrip_OpenNewTab_by_Choosingcountry_Dropdown_Using_TestNGFramework" name="NewtabArabic" time="9.336"/>
  <testcase classname="TestNG_Framework.MakemyTrip_OpenNewTab_by_Choosingcountry_Dropdown_Using_TestNGFramework" name="ChoosingCurrency1" time="2.145"/>
  <testcase classname="TestNG_Framework.MakemyTrip_OpenNewTab_by_Choosingcountry_Dropdown_Using_TestNGFramework" name="ChoosingLanguage" time="2.137"/>
  <testcase classname="TestNG_Framework.MakemyTrip_OpenNewTab_by_Choosingcountry_Dropdown_Using_TestNGFramework" name="Language1" time="2.121"/>
  <testcase classname="TestNG_Framework.MakemyTrip_OpenNewTab_by_Choosingcountry_Dropdown_Using_TestNGFramework" name="country" time="2.124"/>
  <testcase classname="TestNG_Framework.MakemyTrip_OpenNewTab_by_Choosingcountry_Dropdown_Using_TestNGFramework" name="Currency1" time="2.144"/>
  <testcase classname="TestNG_Framework.MakemyTrip_OpenNewTab_by_Choosingcountry_Dropdown_Using_TestNGFramework" name="Apply" time="2.331"/>
  <testcase classname="TestNG_Framework.MakemyTrip_OpenNewTab_by_Choosingcountry_Dropdown_Using_TestNGFramework" name="ChoosingCurrency" time="2.140"/>
  <testcase classname="TestNG_Framework.MakemyTrip_OpenNewTab_by_Choosingcountry_Dropdown_Using_TestNGFramework" name="NewtabEnglish" time="0.829"/>
  <testcase classname="TestNG_Framework.MakemyTrip_OpenNewTab_by_Choosingcountry_Dropdown_Using_TestNGFramework" name="ChoosingLanguage1" time="2.169"/>
  <testcase classname="TestNG_Framework.MakemyTrip_OpenNewTab_by_Choosingcountry_Dropdown_Using_TestNGFramework" name="Set" time="0.032"/>
  <testcase classname="TestNG_Framework.MakemyTrip_OpenNewTab_by_Choosingcountry_Dropdown_Using_TestNGFramework" name="Windowenglishpopup" time="0.278"/>
  <testcase classname="TestNG_Framework.MakemyTrip_OpenNewTab_by_Choosingcountry_Dropdown_Using_TestNGFramework" name="countrymenu" time="2.519"/>
  <testcase classname="TestNG_Framework.MakemyTrip_OpenNewTab_by_Choosingcountry_Dropdown_Using_TestNGFramework" name="countrymenu1" time="2.188"/>
  <testcase classname="TestNG_Framework.MakemyTrip_OpenNewTab_by_Choosingcountry_Dropdown_Using_TestNGFramework" name="Country1" time="2.175"/>
  <testcase classname="TestNG_Framework.MakemyTrip_OpenNewTab_by_Choosingcountry_Dropdown_Using_TestNGFramework" name="ChoosingCountry1" time="2.160"/>
</testsuite> <!-- TestNG_Framework.MakemyTrip_OpenNewTab_by_Choosingcountry_Dropdown_Using_TestNGFramework -->
