<?xml version="1.0" encoding="UTF-8"?>
<!-- Generated by org.testng.reporters.JUnitReportReporter -->
<testsuite hostname="DESKTOP-J7791LE" failures="0" tests="15" name="TestNG_Framework.MakemyTrip_MulticityMakemyTrip_Using_TestNG_DependsonMethods" time="39.952" errors="0" timestamp="2025-06-23T14:20:42 IST" skipped="0">
  <testcase classname="TestNG_Framework.MakemyTrip_MulticityMakemyTrip_Using_TestNG_DependsonMethods" name="FromDate" time="3.316"/>
  <testcase classname="TestNG_Framework.MakemyTrip_MulticityMakemyTrip_Using_TestNG_DependsonMethods" name="Travelclass" time="3.186"/>
  <testcase classname="TestNG_Framework.MakemyTrip_MulticityMakemyTrip_Using_TestNG_DependsonMethods" name="children" time="3.159"/>
  <testcase classname="TestNG_Framework.MakemyTrip_MulticityMakemyTrip_Using_TestNG_DependsonMethods" name="Infants" time="3.180"/>
  <testcase classname="TestNG_Framework.MakemyTrip_MulticityMakemyTrip_Using_TestNG_DependsonMethods" name="choosingcity" time="2.230"/>
  <testcase classname="TestNG_Framework.MakemyTrip_MulticityMakemyTrip_Using_TestNG_DependsonMethods" name="Apply" time="0.197"/>
  <testcase classname="TestNG_Framework.MakemyTrip_MulticityMakemyTrip_Using_TestNG_DependsonMethods" name="popup" time="5.106"/>
  <testcase classname="TestNG_Framework.MakemyTrip_MulticityMakemyTrip_Using_TestNG_DependsonMethods" name="TC" time="3.237"/>
  <testcase classname="TestNG_Framework.MakemyTrip_MulticityMakemyTrip_Using_TestNG_DependsonMethods" name="ToDate" time="0.194"/>
  <testcase classname="TestNG_Framework.MakemyTrip_MulticityMakemyTrip_Using_TestNG_DependsonMethods" name="adults" time="3.147"/>
  <testcase classname="TestNG_Framework.MakemyTrip_MulticityMakemyTrip_Using_TestNG_DependsonMethods" name="ToCountry" time="0.227"/>
  <testcase classname="TestNG_Framework.MakemyTrip_MulticityMakemyTrip_Using_TestNG_DependsonMethods" name="Fromlocation" time="3.152"/>
  <testcase classname="TestNG_Framework.MakemyTrip_MulticityMakemyTrip_Using_TestNG_DependsonMethods" name="Multi_City" time="3.298"/>
  <testcase classname="TestNG_Framework.MakemyTrip_MulticityMakemyTrip_Using_TestNG_DependsonMethods" name="ToCity" time="3.173"/>
  <testcase classname="TestNG_Framework.MakemyTrip_MulticityMakemyTrip_Using_TestNG_DependsonMethods" name="Fromcountry" time="3.150"/>
</testsuite> <!-- TestNG_Framework.MakemyTrip_MulticityMakemyTrip_Using_TestNG_DependsonMethods -->
