<?xml version="1.0" encoding="UTF-8"?>
<!-- Generated by org.testng.reporters.JUnitReportReporter -->
<testsuite hostname="DESKTOP-J7791LE" failures="0" tests="5" name="TestNG_Framework.MakemyTrip_Select_Special_Fares_Using_TestNG" time="10.497" errors="0" timestamp="2025-06-20T19:37:23 IST" skipped="0">
  <testcase classname="TestNG_Framework.MakemyTrip_Select_Special_Fares_Using_TestNG" name="popup" time="3.706"/>
  <testcase classname="TestNG_Framework.MakemyTrip_Select_Special_Fares_Using_TestNG" name="Student_Special_Fare" time="2.336"/>
  <testcase classname="TestNG_Framework.MakemyTrip_Select_Special_Fares_Using_TestNG" name="Seniorcitizen" time="2.113"/>
  <testcase classname="TestNG_Framework.MakemyTrip_Select_Special_Fares_Using_TestNG" name="ArmedForces" time="2.198"/>
  <testcase classname="TestNG_Framework.MakemyTrip_Select_Special_Fares_Using_TestNG" name="DoctorandNurses" time="0.144"/>
</testsuite> <!-- TestNG_Framework.MakemyTrip_Select_Special_Fares_Using_TestNG -->
