<?xml version="1.0" encoding="UTF-8"?>
<!-- Generated by org.testng.reporters.JUnitReportReporter -->
<testsuite hostname="DESKTOP-J7791LE" failures="0" tests="1" name="TestNG_Framework.MakemyTripHomepage_using_TestNGFramework" time="8.556" errors="0" timestamp="2025-06-23T14:20:42 IST" skipped="0">
  <testcase classname="TestNG_Framework.MakemyTripHomepage_using_TestNGFramework" name="closepopup" time="8.556"/>
</testsuite> <!-- TestNG_Framework.MakemyTripHomepage_using_TestNGFramework -->
