<?xml version="1.0" encoding="UTF-8"?>
<!-- Generated by org.testng.reporters.JUnitReportReporter -->
<testsuite hostname="DESKTOP-J7791LE" failures="0" tests="3" name="TestNG_Framework.Basic_TestNG_Class" time="0.017" errors="0" timestamp="2025-06-17T23:35:47 IST" skipped="1">
  <testcase classname="TestNG_Framework.Basic_TestNG_Class" name="firstmethod" time="0.016"/>
  <testcase classname="TestNG_Framework.Basic_TestNG_Class" name="thirdmethod" time="0.001"/>
  <testcase classname="TestNG_Framework.Basic_TestNG_Class" name="secondmethod">
    <skipped/>
  </testcase> <!-- secondmethod -->
</testsuite> <!-- TestNG_Framework.Basic_TestNG_Class -->
