<?xml version="1.0" encoding="UTF-8"?>
<!-- Generated by org.testng.reporters.JUnitReportReporter -->
<testsuite hostname="DESKTOP-J7791LE" failures="0" tests="15" name="TestNG_Framework.MakemyTrip_MulticityMakemyTrip_Using_TestNG_DependsonMethods" time="39.802" errors="0" timestamp="2025-06-20T19:37:23 IST" skipped="0">
  <testcase classname="TestNG_Framework.MakemyTrip_MulticityMakemyTrip_Using_TestNG_DependsonMethods" name="FromDate" time="3.271"/>
  <testcase classname="TestNG_Framework.MakemyTrip_MulticityMakemyTrip_Using_TestNG_DependsonMethods" name="Fromcountry" time="3.193"/>
  <testcase classname="TestNG_Framework.MakemyTrip_MulticityMakemyTrip_Using_TestNG_DependsonMethods" name="Multi_City" time="3.232"/>
  <testcase classname="TestNG_Framework.MakemyTrip_MulticityMakemyTrip_Using_TestNG_DependsonMethods" name="Apply" time="0.164"/>
  <testcase classname="TestNG_Framework.MakemyTrip_MulticityMakemyTrip_Using_TestNG_DependsonMethods" name="Travelclass" time="3.175"/>
  <testcase classname="TestNG_Framework.MakemyTrip_MulticityMakemyTrip_Using_TestNG_DependsonMethods" name="ToCity" time="3.176"/>
  <testcase classname="TestNG_Framework.MakemyTrip_MulticityMakemyTrip_Using_TestNG_DependsonMethods" name="TC" time="3.189"/>
  <testcase classname="TestNG_Framework.MakemyTrip_MulticityMakemyTrip_Using_TestNG_DependsonMethods" name="ToDate" time="0.149"/>
  <testcase classname="TestNG_Framework.MakemyTrip_MulticityMakemyTrip_Using_TestNG_DependsonMethods" name="ToCountry" time="0.220"/>
  <testcase classname="TestNG_Framework.MakemyTrip_MulticityMakemyTrip_Using_TestNG_DependsonMethods" name="choosingcity" time="2.264"/>
  <testcase classname="TestNG_Framework.MakemyTrip_MulticityMakemyTrip_Using_TestNG_DependsonMethods" name="Fromlocation" time="3.147"/>
  <testcase classname="TestNG_Framework.MakemyTrip_MulticityMakemyTrip_Using_TestNG_DependsonMethods" name="adults" time="3.172"/>
  <testcase classname="TestNG_Framework.MakemyTrip_MulticityMakemyTrip_Using_TestNG_DependsonMethods" name="Infants" time="3.182"/>
  <testcase classname="TestNG_Framework.MakemyTrip_MulticityMakemyTrip_Using_TestNG_DependsonMethods" name="children" time="3.175"/>
  <testcase classname="TestNG_Framework.MakemyTrip_MulticityMakemyTrip_Using_TestNG_DependsonMethods" name="popup" time="5.093"/>
</testsuite> <!-- TestNG_Framework.MakemyTrip_MulticityMakemyTrip_Using_TestNG_DependsonMethods -->
