<?xml version="1.0" encoding="UTF-8"?>
<!-- Generated by org.testng.reporters.JUnitReportReporter -->
<testsuite hostname="DESKTOP-J7791LE" failures="0" tests="15" name="TestNG_Framework.TestNG_DependsonMethods_Using_MulticityMakemyTrip" time="38.904" errors="0" timestamp="2025-06-19T15:23:33 IST" skipped="0">
  <testcase classname="TestNG_Framework.TestNG_DependsonMethods_Using_MulticityMakemyTrip" name="ToCity" time="3.134"/>
  <testcase classname="TestNG_Framework.TestNG_DependsonMethods_Using_MulticityMakemyTrip" name="popup" time="5.236"/>
  <testcase classname="TestNG_Framework.TestNG_DependsonMethods_Using_MulticityMakemyTrip" name="adults" time="3.097"/>
  <testcase classname="TestNG_Framework.TestNG_DependsonMethods_Using_MulticityMakemyTrip" name="children" time="3.100"/>
  <testcase classname="TestNG_Framework.TestNG_DependsonMethods_Using_MulticityMakemyTrip" name="FromDate" time="3.184"/>
  <testcase classname="TestNG_Framework.TestNG_DependsonMethods_Using_MulticityMakemyTrip" name="ToCountry" time="0.130"/>
  <testcase classname="TestNG_Framework.TestNG_DependsonMethods_Using_MulticityMakemyTrip" name="Multi_City" time="3.200"/>
  <testcase classname="TestNG_Framework.TestNG_DependsonMethods_Using_MulticityMakemyTrip" name="Fromlocation" time="3.107"/>
  <testcase classname="TestNG_Framework.TestNG_DependsonMethods_Using_MulticityMakemyTrip" name="Infants" time="3.073"/>
  <testcase classname="TestNG_Framework.TestNG_DependsonMethods_Using_MulticityMakemyTrip" name="ToDate" time="0.090"/>
  <testcase classname="TestNG_Framework.TestNG_DependsonMethods_Using_MulticityMakemyTrip" name="TC" time="3.108"/>
  <testcase classname="TestNG_Framework.TestNG_DependsonMethods_Using_MulticityMakemyTrip" name="Apply" time="0.078"/>
  <testcase classname="TestNG_Framework.TestNG_DependsonMethods_Using_MulticityMakemyTrip" name="choosingcity" time="2.162"/>
  <testcase classname="TestNG_Framework.TestNG_DependsonMethods_Using_MulticityMakemyTrip" name="Travelclass" time="3.095"/>
  <testcase classname="TestNG_Framework.TestNG_DependsonMethods_Using_MulticityMakemyTrip" name="Fromcountry" time="3.110"/>
</testsuite> <!-- TestNG_Framework.TestNG_DependsonMethods_Using_MulticityMakemyTrip -->
