<?xml version="1.0" encoding="UTF-8"?>
<!-- Generated by org.testng.reporters.JUnitReportReporter -->
<testsuite hostname="DESKTOP-J7791LE" failures="0" tests="14" name="TestNG_Framework.MakemyTrip_using_TestNG_Priority" time="44.201" errors="0" timestamp="2025-06-23T14:20:42 IST" skipped="0">
  <testcase classname="TestNG_Framework.MakemyTrip_using_TestNG_Priority" name="popup" time="5.802"/>
  <testcase classname="TestNG_Framework.MakemyTrip_using_TestNG_Priority" name="fromlocation" time="3.155"/>
  <testcase classname="TestNG_Framework.MakemyTrip_using_TestNG_Priority" name="fromcountry" time="3.162"/>
  <testcase classname="TestNG_Framework.MakemyTrip_using_TestNG_Priority" name="tolocation" time="3.149"/>
  <testcase classname="TestNG_Framework.MakemyTrip_using_TestNG_Priority" name="Tocountry" time="3.148"/>
  <testcase classname="TestNG_Framework.MakemyTrip_using_TestNG_Priority" name="fromdate" time="3.227"/>
  <testcase classname="TestNG_Framework.MakemyTrip_using_TestNG_Priority" name="todate" time="3.302"/>
  <testcase classname="TestNG_Framework.MakemyTrip_using_TestNG_Priority" name="ChoosingTo_DateClick" time="3.178"/>
  <testcase classname="TestNG_Framework.MakemyTrip_using_TestNG_Priority" name="TC" time="3.147"/>
  <testcase classname="TestNG_Framework.MakemyTrip_using_TestNG_Priority" name="adults" time="3.178"/>
  <testcase classname="TestNG_Framework.MakemyTrip_using_TestNG_Priority" name="children" time="3.157"/>
  <testcase classname="TestNG_Framework.MakemyTrip_using_TestNG_Priority" name="Infants" time="3.259"/>
  <testcase classname="TestNG_Framework.MakemyTrip_using_TestNG_Priority" name="Travelclass" time="3.163"/>
  <testcase classname="TestNG_Framework.MakemyTrip_using_TestNG_Priority" name="Apply" time="0.174"/>
</testsuite> <!-- TestNG_Framework.MakemyTrip_using_TestNG_Priority -->
