<?xml version="1.0" encoding="UTF-8"?>
<!-- Generated by org.testng.reporters.JUnitReportReporter -->
<testsuite hostname="DESKTOP-J7791LE" failures="0" tests="1" name="TestNG_Framework.TestNG_using_MakemyTripMethod" time="5.278" errors="0" timestamp="2025-06-18T22:52:37 IST" skipped="0">
  <testcase classname="TestNG_Framework.TestNG_using_MakemyTripMethod" name="closepopup" time="5.278"/>
</testsuite> <!-- TestNG_Framework.TestNG_using_MakemyTripMethod -->
