<?xml version="1.0" encoding="UTF-8"?>
<!-- Generated by org.testng.reporters.JUnitReportReporter -->
<testsuite hostname="DESKTOP-J7791LE" failures="0" tests="5" name="TestNG_Framework.MakemyTrip_Select_Special_Fares_Using_TestNG" time="10.185" errors="0" timestamp="2025-06-23T14:20:42 IST" skipped="0">
  <testcase classname="TestNG_Framework.MakemyTrip_Select_Special_Fares_Using_TestNG" name="popup" time="3.351"/>
  <testcase classname="TestNG_Framework.MakemyTrip_Select_Special_Fares_Using_TestNG" name="Student_Special_Fare" time="2.337"/>
  <testcase classname="TestNG_Framework.MakemyTrip_Select_Special_Fares_Using_TestNG" name="Seniorcitizen" time="2.183"/>
  <testcase classname="TestNG_Framework.MakemyTrip_Select_Special_Fares_Using_TestNG" name="ArmedForces" time="2.171"/>
  <testcase classname="TestNG_Framework.MakemyTrip_Select_Special_Fares_Using_TestNG" name="DoctorandNurses" time="0.143"/>
</testsuite> <!-- TestNG_Framework.MakemyTrip_Select_Special_Fares_Using_TestNG -->
