<?xml version="1.0" encoding="UTF-8"?>
<!-- Generated by org.testng.reporters.JUnitReportReporter -->
<testsuite hostname="DESKTOP-J7791LE" failures="0" tests="14" name="TestNG_Framework.TestNG_Priority_Using_MakemyTrip" time="43.984" errors="0" timestamp="2025-06-19T13:21:20 IST" skipped="0">
  <testcase classname="TestNG_Framework.TestNG_Priority_Using_MakemyTrip" name="popup" time="5.434"/>
  <testcase classname="TestNG_Framework.TestNG_Priority_Using_MakemyTrip" name="fromlocation" time="3.163"/>
  <testcase classname="TestNG_Framework.TestNG_Priority_Using_MakemyTrip" name="fromcountry" time="3.150"/>
  <testcase classname="TestNG_Framework.TestNG_Priority_Using_MakemyTrip" name="tolocation" time="3.133"/>
  <testcase classname="TestNG_Framework.TestNG_Priority_Using_MakemyTrip" name="Tocountry" time="3.212"/>
  <testcase classname="TestNG_Framework.TestNG_Priority_Using_MakemyTrip" name="fromdate" time="3.206"/>
  <testcase classname="TestNG_Framework.TestNG_Priority_Using_MakemyTrip" name="todate" time="3.273"/>
  <testcase classname="TestNG_Framework.TestNG_Priority_Using_MakemyTrip" name="ChoosingTo_DateClick" time="3.277"/>
  <testcase classname="TestNG_Framework.TestNG_Priority_Using_MakemyTrip" name="TC" time="3.201"/>
  <testcase classname="TestNG_Framework.TestNG_Priority_Using_MakemyTrip" name="adults" time="3.192"/>
  <testcase classname="TestNG_Framework.TestNG_Priority_Using_MakemyTrip" name="children" time="3.150"/>
  <testcase classname="TestNG_Framework.TestNG_Priority_Using_MakemyTrip" name="Infants" time="3.245"/>
  <testcase classname="TestNG_Framework.TestNG_Priority_Using_MakemyTrip" name="Travelclass" time="3.166"/>
  <testcase classname="TestNG_Framework.TestNG_Priority_Using_MakemyTrip" name="Apply" time="0.182"/>
</testsuite> <!-- TestNG_Framework.TestNG_Priority_Using_MakemyTrip -->
