<?xml version="1.0" encoding="UTF-8"?>
<!-- Generated by org.testng.reporters.JUnitReportReporter -->
<testsuite hostname="DESKTOP-J7791LE" failures="0" tests="14" name="TestNG_Framework.MakemyTrip_using_TestNG_Priority" time="43.887" errors="0" timestamp="2025-06-20T19:37:23 IST" skipped="0">
  <testcase classname="TestNG_Framework.MakemyTrip_using_TestNG_Priority" name="popup" time="5.391"/>
  <testcase classname="TestNG_Framework.MakemyTrip_using_TestNG_Priority" name="fromlocation" time="3.159"/>
  <testcase classname="TestNG_Framework.MakemyTrip_using_TestNG_Priority" name="fromcountry" time="3.224"/>
  <testcase classname="TestNG_Framework.MakemyTrip_using_TestNG_Priority" name="tolocation" time="3.157"/>
  <testcase classname="TestNG_Framework.MakemyTrip_using_TestNG_Priority" name="Tocountry" time="3.253"/>
  <testcase classname="TestNG_Framework.MakemyTrip_using_TestNG_Priority" name="fromdate" time="3.199"/>
  <testcase classname="TestNG_Framework.MakemyTrip_using_TestNG_Priority" name="todate" time="3.211"/>
  <testcase classname="TestNG_Framework.MakemyTrip_using_TestNG_Priority" name="ChoosingTo_DateClick" time="3.244"/>
  <testcase classname="TestNG_Framework.MakemyTrip_using_TestNG_Priority" name="TC" time="3.126"/>
  <testcase classname="TestNG_Framework.MakemyTrip_using_TestNG_Priority" name="adults" time="3.149"/>
  <testcase classname="TestNG_Framework.MakemyTrip_using_TestNG_Priority" name="children" time="3.119"/>
  <testcase classname="TestNG_Framework.MakemyTrip_using_TestNG_Priority" name="Infants" time="3.261"/>
  <testcase classname="TestNG_Framework.MakemyTrip_using_TestNG_Priority" name="Travelclass" time="3.234"/>
  <testcase classname="TestNG_Framework.MakemyTrip_using_TestNG_Priority" name="Apply" time="0.160"/>
</testsuite> <!-- TestNG_Framework.MakemyTrip_using_TestNG_Priority -->
