<?xml version="1.0" encoding="UTF-8"?>
<!-- Generated by org.testng.reporters.JUnitReportReporter -->
<testsuite hostname="DESKTOP-J7791LE" failures="0" tests="1" name="TestNG_Framework.MakemyTrip_Login_Using_TestNGParameterization" time="8.066" errors="0" timestamp="2025-06-23T14:20:42 IST" skipped="0">
  <testcase classname="TestNG_Framework.MakemyTrip_Login_Using_TestNGParameterization" name="popup" time="8.066"/>
</testsuite> <!-- TestNG_Framework.MakemyTrip_Login_Using_TestNGParameterization -->
